<?xml version="1.0" encoding="UTF-8"?>
<!-- Generated by org.testng.reporters.JUnitReportReporter -->
<testsuite hostname="IN-LT71660" name="demo.GetFacebookPageTitle" tests="1" failures="0" timestamp="30 Mar 2020 07:19:15 GMT" time="6.873" errors="0">
  <testcase name="testGetFacebookPageTitle" time="6.873" classname="demo.GetFacebookPageTitle"/>
</testsuite> <!-- demo.GetFacebookPageTitle -->
