<?xml version="1.0" encoding="UTF-8"?>
<!-- Generated by org.testng.reporters.JUnitReportReporter -->
<testsuite skipped="0" hostname="IN-LT71660" name="demo.GetFacebookPageTitle" tests="1" failures="0" timestamp="08 Oct 2019 08:48:45 GMT" time="16.877" errors="0">
  <testcase name="testGetFacebookPageTitle" time="16.877" classname="demo.GetFacebookPageTitle"/>
</testsuite> <!-- demo.GetFacebookPageTitle -->
