<?xml version="1.0" encoding="UTF-8"?>
<!-- Generated by org.testng.reporters.JUnitReportReporter -->
<testsuite skipped="0" hostname="IN-LT71660" name="demo.GetFacebookPageTitle" tests="1" failures="0" timestamp="17 Aug 2019 19:06:12 GMT" time="24.353" errors="0">
  <testcase name="testGetFacebookPageTitle" time="24.353" classname="demo.GetFacebookPageTitle"/>
</testsuite> <!-- demo.GetFacebookPageTitle -->
