<?xml version="1.0" encoding="UTF-8"?>
<!-- Generated by org.testng.reporters.JUnitReportReporter -->
<testsuite hostname="IN-LT71660" name="demo.GetGooglePageTitle" tests="1" failures="0" timestamp="17 Jun 2020 07:42:09 GMT" time="20.352" errors="0">
  <testcase name="testGetPageTitle" time="20.352" classname="demo.GetGooglePageTitle"/>
</testsuite> <!-- demo.GetGooglePageTitle -->
