<?xml version="1.0" encoding="UTF-8"?>
<!-- Generated by org.testng.reporters.JUnitReportReporter -->
<testsuite hostname="IN-LT71660" name="demo.GetGooglePageTitle" tests="1" failures="0" timestamp="19 Feb 2020 04:35:36 GMT" time="13.016" errors="0">
  <testcase name="testGetPageTitle" time="13.016" classname="demo.GetGooglePageTitle"/>
</testsuite> <!-- demo.GetGooglePageTitle -->
