<?xml version="1.0" encoding="UTF-8"?>
<!-- Generated by org.testng.reporters.JUnitReportReporter -->
<testsuite skipped="0" hostname="IN-LT71660" name="demo.GetGmailPageTitle" tests="1" failures="0" timestamp="10 Sep 2019 07:21:40 GMT" time="12.225" errors="0">
  <testcase name="testGetGmailPageTitle" time="12.225" classname="demo.GetGmailPageTitle"/>
</testsuite> <!-- demo.GetGmailPageTitle -->
