<?xml version="1.0" encoding="UTF-8"?>
<!-- Generated by org.testng.reporters.JUnitReportReporter -->
<testsuite skipped="0" hostname="IN-LT71660" name="demo.GetFacebookPageTitle" tests="1" failures="0" timestamp="10 Sep 2019 07:21:40 GMT" time="13.790" errors="0">
  <testcase name="testGetFacebookPageTitle" time="13.790" classname="demo.GetFacebookPageTitle"/>
</testsuite> <!-- demo.GetFacebookPageTitle -->
