<?xml version="1.0" encoding="UTF-8"?>
<!-- Generated by org.testng.reporters.JUnitReportReporter -->
<testsuite skipped="0" hostname="IN-LT71660" name="demo.TestngAnnotation" tests="2" failures="0" timestamp="08 Jan 2020 07:15:05 GMT" time="0.007" errors="0">
  <testcase name="testCase2" time="0.002" classname="demo.TestngAnnotation"/>
  <testcase name="testCase1" time="0.005" classname="demo.TestngAnnotation"/>
</testsuite> <!-- demo.TestngAnnotation -->
