<?xml version="1.0" encoding="UTF-8"?>
<!-- Generated by org.testng.reporters.JUnitReportReporter -->
<testsuite hostname="IN-LT71660" name="demo.GetFacebookPageTitle" tests="1" failures="0" timestamp="18 May 2020 15:04:44 GMT" time="67.006" errors="0">
  <testcase name="testGetFacebookPageTitle" time="67.006" classname="demo.GetFacebookPageTitle"/>
</testsuite> <!-- demo.GetFacebookPageTitle -->
