<?xml version="1.0" encoding="UTF-8"?>
<!-- Generated by org.testng.reporters.JUnitReportReporter -->
<testsuite hostname="IN-LT71660" name="demo.GetFacebookPageTitle" tests="1" failures="0" timestamp="30 Mar 2020 06:58:31 GMT" time="70.690" errors="0">
  <testcase name="testGetFacebookPageTitle" time="70.690" classname="demo.GetFacebookPageTitle"/>
</testsuite> <!-- demo.GetFacebookPageTitle -->
