<?xml version="1.0" encoding="UTF-8"?>
<!-- Generated by org.testng.reporters.JUnitReportReporter -->
<testsuite skipped="0" hostname="IN-LT71660" name="demo.GetGmailPageTitle" tests="1" failures="0" timestamp="08 Oct 2019 08:48:45 GMT" time="9.500" errors="0">
  <testcase name="testGetGmailPageTitle" time="9.500" classname="demo.GetGmailPageTitle"/>
</testsuite> <!-- demo.GetGmailPageTitle -->
