<?xml version="1.0" encoding="UTF-8"?>
<!-- Generated by org.testng.reporters.JUnitReportReporter -->
<testsuite skipped="0" hostname="IN-LT71660" name="demo.GetFacebookPageTitle" tests="1" failures="0" timestamp="26 Aug 2019 06:29:58 GMT" time="15.266" errors="0">
  <testcase name="testGetFacebookPageTitle" time="15.266" classname="demo.GetFacebookPageTitle"/>
</testsuite> <!-- demo.GetFacebookPageTitle -->
