<?xml version="1.0" encoding="UTF-8"?>
<!-- Generated by org.testng.reporters.JUnitReportReporter -->
<testsuite skipped="0" hostname="IN-LT71660" name="demo.GetPageTitle" tests="1" failures="0" timestamp="17 Aug 2019 16:43:30 GMT" time="16.029" errors="0">
  <testcase name="testGetPageTitle" time="16.029" classname="demo.GetPageTitle"/>
</testsuite> <!-- demo.GetPageTitle -->
