<?xml version="1.0" encoding="UTF-8"?>
<!-- Generated by org.testng.reporters.JUnitReportReporter -->
<testsuite hostname="IN-LT71660" name="demo.GetGooglePageTitle" tests="1" failures="0" timestamp="26 Aug 2019 04:44:23 GMT" time="4.165" errors="0">
  <testcase name="testGetPageTitle" time="4.165" classname="demo.GetGooglePageTitle"/>
</testsuite> <!-- demo.GetGooglePageTitle -->
