<?xml version="1.0" encoding="UTF-8"?>
<!-- Generated by org.testng.reporters.JUnitReportReporter -->
<testsuite hostname="IN-LT71660" name="demo.GetGmailPageTitle" tests="1" failures="0" timestamp="30 Jan 2020 11:11:40 GMT" time="12.120" errors="0">
  <testcase name="testGetGmailPageTitle" time="12.120" classname="demo.GetGmailPageTitle"/>
</testsuite> <!-- demo.GetGmailPageTitle -->
