<?xml version="1.0" encoding="UTF-8"?>
<!-- Generated by org.testng.reporters.JUnitReportReporter -->
<testsuite hostname="IN-LT71660" name="demo.GetGmailPageTitle" tests="1" failures="0" timestamp="10 Sep 2019 04:44:38 GMT" time="10.055" errors="0">
  <testcase name="testGetGmailPageTitle" time="10.055" classname="demo.GetGmailPageTitle"/>
</testsuite> <!-- demo.GetGmailPageTitle -->
