<?xml version="1.0" encoding="UTF-8"?>
<!-- Generated by org.testng.reporters.JUnitReportReporter -->
<testsuite hostname="IN-LT71660" name="demo.GetFacebookPageTitle" tests="1" failures="0" timestamp="26 Aug 2019 04:44:23 GMT" time="14.815" errors="0">
  <testcase name="testGetFacebookPageTitle" time="14.815" classname="demo.GetFacebookPageTitle"/>
</testsuite> <!-- demo.GetFacebookPageTitle -->
