<?xml version="1.0" encoding="UTF-8"?>
<!-- Generated by org.testng.reporters.JUnitReportReporter -->
<testsuite hostname="IN-LT71660" name="demo.GetGmailPageTitle" tests="1" failures="0" timestamp="31 Jan 2020 09:47:01 GMT" time="12.346" errors="0">
  <testcase name="testGetGmailPageTitle" time="12.346" classname="demo.GetGmailPageTitle"/>
</testsuite> <!-- demo.GetGmailPageTitle -->
